<?xml version="1.0" encoding="UTF-8"?>
<coverage generated="1572926129403" clover="3.2.0">
  <project timestamp="1572926129403" name="All files">
    <metrics statements="64" coveredstatements="51" conditionals="20" coveredconditionals="13" methods="38" coveredmethods="34" elements="122" coveredelements="98" complexity="0" loc="64" ncloc="64" packages="6" files="11" classes="11"/>
    <package name="components.app">
      <metrics statements="18" coveredstatements="12" conditionals="8" coveredconditionals="4" methods="6" coveredmethods="4"/>
      <file name="CommitCard.vue" path="/Users/abramarias/Downloads/sample-alpha-project/src/components/app/CommitCard.vue">
        <metrics statements="13" coveredstatements="8" conditionals="4" coveredconditionals="0" methods="4" coveredmethods="3"/>
        <line num="113" count="7" type="stmt"/>
        <line num="114" count="7" type="stmt"/>
        <line num="124" count="2" type="stmt"/>
        <line num="130" count="2" type="stmt"/>
        <line num="134" count="2" type="stmt"/>
        <line num="135" count="2" type="stmt"/>
        <line num="136" count="2" type="stmt"/>
        <line num="138" count="0" type="stmt"/>
        <line num="140" count="2" type="stmt"/>
        <line num="148" count="0" type="stmt"/>
        <line num="149" count="0" type="cond" truecount="0" falsecount="2"/>
        <line num="150" count="0" type="cond" truecount="0" falsecount="2"/>
        <line num="151" count="0" type="stmt"/>
      </file>
      <file name="CommitRow.vue" path="/Users/abramarias/Downloads/sample-alpha-project/src/components/app/CommitRow.vue">
        <metrics statements="5" coveredstatements="4" conditionals="4" coveredconditionals="4" methods="2" coveredmethods="1"/>
        <line num="22" count="0" type="stmt"/>
        <line num="27" count="1" type="stmt"/>
        <line num="28" count="1" type="cond" truecount="2" falsecount="0"/>
        <line num="29" count="1" type="cond" truecount="2" falsecount="0"/>
        <line num="30" count="1" type="stmt"/>
      </file>
    </package>
    <package name="components.core">
      <metrics statements="21" coveredstatements="14" conditionals="6" coveredconditionals="4" methods="9" coveredmethods="7"/>
      <file name="Drawer.vue" path="/Users/abramarias/Downloads/sample-alpha-project/src/components/core/Drawer.vue">
        <metrics statements="1" coveredstatements="1" conditionals="0" coveredconditionals="0" methods="1" coveredmethods="1"/>
        <line num="33" count="1" type="stmt"/>
      </file>
      <file name="Snackbar.vue" path="/Users/abramarias/Downloads/sample-alpha-project/src/components/core/Snackbar.vue">
        <metrics statements="5" coveredstatements="5" conditionals="2" coveredconditionals="2" methods="3" coveredmethods="3"/>
        <line num="34" count="7" type="stmt"/>
        <line num="38" count="7" type="stmt"/>
        <line num="46" count="1" type="stmt"/>
        <line num="53" count="2" type="cond" truecount="2" falsecount="0"/>
        <line num="59" count="1" type="stmt"/>
      </file>
      <file name="Toolbar.vue" path="/Users/abramarias/Downloads/sample-alpha-project/src/components/core/Toolbar.vue">
        <metrics statements="15" coveredstatements="8" conditionals="4" coveredconditionals="2" methods="5" coveredmethods="3"/>
        <line num="24" count="2" type="stmt"/>
        <line num="31" count="2" type="stmt"/>
        <line num="32" count="2" type="stmt"/>
        <line num="36" count="0" type="stmt"/>
        <line num="41" count="2" type="stmt"/>
        <line num="42" count="2" type="stmt"/>
        <line num="43" count="1" type="stmt"/>
        <line num="45" count="1" type="stmt"/>
        <line num="46" count="1" type="cond" truecount="2" falsecount="2"/>
        <line num="47" count="0" type="stmt"/>
        <line num="51" count="0" type="stmt"/>
        <line num="52" count="0" type="stmt"/>
        <line num="54" count="0" type="stmt"/>
        <line num="55" count="0" type="stmt"/>
        <line num="57" count="0" type="stmt"/>
      </file>
    </package>
    <package name="plugins">
      <metrics statements="8" coveredstatements="8" conditionals="2" coveredconditionals="1" methods="7" coveredmethods="7"/>
      <file name="snackbar.js" path="/Users/abramarias/Downloads/sample-alpha-project/src/plugins/snackbar.js">
        <metrics statements="8" coveredstatements="8" conditionals="2" coveredconditionals="1" methods="7" coveredmethods="7"/>
        <line num="3" count="2" type="stmt"/>
        <line num="6" count="2" type="stmt"/>
        <line num="7" count="1" type="stmt"/>
        <line num="8" count="1" type="stmt"/>
        <line num="9" count="1" type="stmt"/>
        <line num="10" count="1" type="stmt"/>
        <line num="11" count="1" type="stmt"/>
        <line num="18" count="6" type="stmt"/>
      </file>
    </package>
    <package name="store.modules.app">
      <metrics statements="0" coveredstatements="0" conditionals="0" coveredconditionals="0" methods="0" coveredmethods="0"/>
      <file name="mutations.js" path="/Users/abramarias/Downloads/sample-alpha-project/src/store/modules/app/mutations.js">
        <metrics statements="0" coveredstatements="0" conditionals="0" coveredconditionals="0" methods="0" coveredmethods="0"/>
      </file>
      <file name="state.js" path="/Users/abramarias/Downloads/sample-alpha-project/src/store/modules/app/state.js">
        <metrics statements="0" coveredstatements="0" conditionals="0" coveredconditionals="0" methods="0" coveredmethods="0"/>
      </file>
    </package>
    <package name="store.modules.github">
      <metrics statements="0" coveredstatements="0" conditionals="0" coveredconditionals="0" methods="0" coveredmethods="0"/>
      <file name="mutations.js" path="/Users/abramarias/Downloads/sample-alpha-project/src/store/modules/github/mutations.js">
        <metrics statements="0" coveredstatements="0" conditionals="0" coveredconditionals="0" methods="0" coveredmethods="0"/>
      </file>
      <file name="state.js" path="/Users/abramarias/Downloads/sample-alpha-project/src/store/modules/github/state.js">
        <metrics statements="0" coveredstatements="0" conditionals="0" coveredconditionals="0" methods="0" coveredmethods="0"/>
      </file>
    </package>
    <package name="util">
      <metrics statements="17" coveredstatements="17" conditionals="4" coveredconditionals="4" methods="16" coveredmethods="16"/>
      <file name="vuex.js" path="/Users/abramarias/Downloads/sample-alpha-project/src/util/vuex.js">
        <metrics statements="17" coveredstatements="17" conditionals="4" coveredconditionals="4" methods="16" coveredmethods="16"/>
        <line num="2" count="8" type="stmt"/>
        <line num="4" count="4" type="stmt"/>
        <line num="5" count="1" type="stmt"/>
        <line num="6" count="1" type="stmt"/>
        <line num="7" count="1" type="stmt"/>
        <line num="24" count="1" type="stmt"/>
        <line num="27" count="4" type="stmt"/>
        <line num="29" count="4" type="stmt"/>
        <line num="30" count="3" type="stmt"/>
        <line num="32" count="3" type="cond" truecount="2" falsecount="0"/>
        <line num="37" count="4" type="stmt"/>
        <line num="38" count="3" type="stmt"/>
        <line num="40" count="3" type="cond" truecount="2" falsecount="0"/>
        <line num="45" count="4" type="stmt"/>
        <line num="46" count="1" type="stmt"/>
        <line num="49" count="4" type="stmt"/>
        <line num="50" count="2" type="stmt"/>
      </file>
    </package>
  </project>
</coverage>
